<?xml version="1.0" encoding="UTF-8"?>
<testng-results total="1" passed="1" failed="0" skipped="0">
  <reporter-output>
  </reporter-output>
  <suite started-at="2022-07-25T06:55:00Z" name="Default suite" finished-at="2022-07-25T06:55:00Z" duration-ms="27">
    <groups>
    </groups>
    <test started-at="2022-07-25T06:55:00Z" name="Default test" finished-at="2022-07-25T06:55:00Z" duration-ms="27">
      <class name="org.practise.Test007">
        <test-method signature="test()[pri:0, instance:org.practise.Test007@82ea68c]" started-at="2022-07-25T12:25:00Z" name="test" finished-at="2022-07-25T12:25:00Z" duration-ms="9" status="PASS">
          <reporter-output>
          </reporter-output>
        </test-method> <!-- test -->
      </class> <!-- org.practise.Test007 -->
    </test> <!-- Default test -->
  </suite> <!-- Default suite -->
</testng-results>
